{"ip":"::1","level":"info","message":"Incoming request","method":"POST","timestamp":"2025-04-16T16:50:13.741Z","url":"/api/auth/register","userAgent":"axios/1.8.4"}
{"duration":"16ms","level":"info","message":"Request completed","method":"POST","statusCode":404,"timestamp":"2025-04-16T16:50:13.757Z","url":"/api/auth/register"}
{"ip":"::1","level":"info","message":"Incoming request","method":"POST","timestamp":"2025-04-16T16:50:13.764Z","url":"/api/auth/login","userAgent":"axios/1.8.4"}
{"duration":"3ms","level":"info","message":"Request completed","method":"POST","statusCode":404,"timestamp":"2025-04-16T16:50:13.767Z","url":"/api/auth/login"}
{"ip":"::1","level":"info","message":"Incoming request","method":"GET","timestamp":"2025-04-16T16:50:13.769Z","url":"/api/users/profile","userAgent":"axios/1.8.4"}
{"duration":"3ms","level":"info","message":"Request completed","method":"GET","statusCode":401,"timestamp":"2025-04-16T16:50:13.772Z","url":"/profile"}
{"ip":"::1","level":"info","message":"Incoming request","method":"PUT","timestamp":"2025-04-16T16:50:13.774Z","url":"/api/users/profile","userAgent":"axios/1.8.4"}
{"duration":"1ms","level":"info","message":"Request completed","method":"PUT","statusCode":401,"timestamp":"2025-04-16T16:50:13.775Z","url":"/profile"}
{"ip":"::1","level":"info","message":"Incoming request","method":"POST","timestamp":"2025-04-16T16:50:13.777Z","url":"/api/devices","userAgent":"axios/1.8.4"}
{"duration":"2ms","level":"info","message":"Request completed","method":"POST","statusCode":401,"timestamp":"2025-04-16T16:50:13.779Z","url":"/"}
{"ip":"::1","level":"info","message":"Incoming request","method":"GET","timestamp":"2025-04-16T16:50:13.781Z","url":"/api/devices","userAgent":"axios/1.8.4"}
{"duration":"1ms","level":"info","message":"Request completed","method":"GET","statusCode":401,"timestamp":"2025-04-16T16:50:13.782Z","url":"/"}
{"ip":"::1","level":"info","message":"Incoming request","method":"GET","timestamp":"2025-04-16T16:50:13.784Z","url":"/api/devices/","userAgent":"axios/1.8.4"}
{"duration":"1ms","level":"info","message":"Request completed","method":"GET","statusCode":401,"timestamp":"2025-04-16T16:50:13.785Z","url":"/"}
{"ip":"::1","level":"info","message":"Incoming request","method":"PUT","timestamp":"2025-04-16T16:50:13.787Z","url":"/api/devices/","userAgent":"axios/1.8.4"}
{"duration":"1ms","level":"info","message":"Request completed","method":"PUT","statusCode":404,"timestamp":"2025-04-16T16:50:13.788Z","url":"/api/devices/"}
{"ip":"::1","level":"info","message":"Incoming request","method":"POST","timestamp":"2025-04-16T16:50:13.793Z","url":"/api/sensors","userAgent":"axios/1.8.4"}
{"duration":"1ms","level":"info","message":"Request completed","method":"POST","statusCode":401,"timestamp":"2025-04-16T16:50:13.794Z","url":"/"}
{"ip":"::1","level":"info","message":"Incoming request","method":"GET","timestamp":"2025-04-16T16:50:13.797Z","url":"/api/sensors/device/","userAgent":"axios/1.8.4"}
{"duration":"1ms","level":"info","message":"Request completed","method":"GET","statusCode":401,"timestamp":"2025-04-16T16:50:13.798Z","url":"/device/"}
{"ip":"::1","level":"info","message":"Incoming request","method":"GET","timestamp":"2025-04-16T16:50:13.799Z","url":"/api/sensors/","userAgent":"axios/1.8.4"}
{"duration":"1ms","level":"info","message":"Request completed","method":"GET","statusCode":404,"timestamp":"2025-04-16T16:50:13.800Z","url":"/api/sensors/"}
{"ip":"::1","level":"info","message":"Incoming request","method":"PUT","timestamp":"2025-04-16T16:50:13.802Z","url":"/api/sensors/","userAgent":"axios/1.8.4"}
{"duration":"2ms","level":"info","message":"Request completed","method":"PUT","statusCode":404,"timestamp":"2025-04-16T16:50:13.804Z","url":"/api/sensors/"}
{"ip":"::1","level":"info","message":"Incoming request","method":"GET","timestamp":"2025-04-16T16:50:13.805Z","url":"/api/sensors//readings","userAgent":"axios/1.8.4"}
{"duration":"1ms","level":"info","message":"Request completed","method":"GET","statusCode":401,"timestamp":"2025-04-16T16:50:13.806Z","url":"/readings"}
{"ip":"::1","level":"info","message":"Incoming request","method":"DELETE","timestamp":"2025-04-16T16:50:13.807Z","url":"/api/sensors/","userAgent":"axios/1.8.4"}
{"duration":"0ms","level":"info","message":"Request completed","method":"DELETE","statusCode":404,"timestamp":"2025-04-16T16:50:13.807Z","url":"/api/sensors/"}
{"ip":"::1","level":"info","message":"Incoming request","method":"DELETE","timestamp":"2025-04-16T16:50:13.808Z","url":"/api/devices/","userAgent":"axios/1.8.4"}
{"duration":"1ms","level":"info","message":"Request completed","method":"DELETE","statusCode":404,"timestamp":"2025-04-16T16:50:13.809Z","url":"/api/devices/"}
{"ip":"::1","level":"info","message":"Incoming request","method":"DELETE","timestamp":"2025-04-16T16:50:13.810Z","url":"/api/users/account","userAgent":"axios/1.8.4"}
{"duration":"1ms","level":"info","message":"Request completed","method":"DELETE","statusCode":401,"timestamp":"2025-04-16T16:50:13.811Z","url":"/account"}
